<?xml version="1.0" encoding="UTF-8"?>
<!-- Generated by org.testng.reporters.JUnitReportReporter -->
<testsuite hostname="DESKTOP-T7QCDAB" failures="0" tests="2" name="com.BCP.TestCases.LoginTest" time="109.006" errors="0" timestamp="2023-01-04T12:37:38 IST" skipped="0">
  <testcase classname="com.BCP.TestCases.LoginTest" name="loginTest" time="66.300"/>
  <system-out/>
  <testcase classname="com.BCP.TestCases.LoginTest" name="loginTest" time="42.706"/>
  <system-out/>
</testsuite> <!-- com.BCP.TestCases.LoginTest -->
